# JRE version: OpenJDK Runtime Environment Temurin-21.0.8+9 (21.0.8+9) (build 21.0.8+9-LTS)
# Java VM: OpenJDK 64-Bit Server VM Temurin-21.0.8+9 (21.0.8+9-LTS, mixed mode, sharing, tiered, compressed oops, compressed class ptrs, parallel gc, windows-amd64)
GC Precious Log:
 CardTable entry size: 512
 CPUs: 5 total, 5 available
 Memory: 16126M
 Large Page Support: Disabled
 NUMA Support: Disabled
 Compressed Oops: Enabled (32-bit)
 Alignments: Space 512K, Generation 512K, Heap 2M
 Heap Min Capacity: 100M
 Heap Initial Capacity: 100M
 Heap Max Capacity: 2G
 Pre-touch: Disabled
 Parallel Workers: 5
Heap:
 PSYoungGen      total 15872K, used 12052K [0x00000000d5580000, 0x00000000d6800000, 0x0000000100000000)
  eden space 14848K, 77% used [0x00000000d5580000,0x00000000d60c01f0,0x00000000d6400000)
  from space 1024K, 52% used [0x00000000d6700000,0x00000000d6785200,0x00000000d6800000)
  to   space 1536K, 0% used [0x00000000d6500000,0x00000000d6500000,0x00000000d6680000)
 ParOldGen       total 75264K, used 74947K [0x0000000080000000, 0x0000000084980000, 0x00000000d5580000)
  object space 75264K, 99% used [0x0000000080000000,0x0000000084930c78,0x0000000084980000)
 Metaspace       used 23392K, committed 24384K, reserved 1114112K
  class space    used 2012K, committed 2432K, reserved 1048576K
GC Heap History (20 events):
Event: 38.094 GC heap before
{Heap before GC invocations=58 (full 1):
 PSYoungGen      total 19456K, used 19376K [0x00000000d5580000, 0x00000000d6b00000, 0x0000000100000000)
  eden space 18432K, 100% used [0x00000000d5580000,0x00000000d6780000,0x00000000d6780000)
  from space 1024K, 92% used [0x00000000d6a00000,0x00000000d6aec050,0x00000000d6b00000)
  to   space 1536K, 0% used [0x00000000d6800000,0x00000000d6800000,0x00000000d6980000)
 ParOldGen       total 68608K, used 65566K [0x0000000080000000, 0x0000000084300000, 0x00000000d5580000)
  object space 68608K, 95% used [0x0000000080000000,0x0000000084007a90,0x0000000084300000)
 Metaspace       used 21903K, committed 22912K, reserved 1114112K
  class space    used 1907K, committed 2304K, reserved 1048576K
}
Event: 38.097 GC heap after
{Heap after GC invocations=58 (full 1):
 PSYoungGen      total 19968K, used 736K [0x00000000d5580000, 0x00000000d6a80000, 0x0000000100000000)
  eden space 18432K, 0% used [0x00000000d5580000,0x00000000d5580000,0x00000000d6780000)
  from space 1536K, 47% used [0x00000000d6800000,0x00000000d68b8000,0x00000000d6980000)
  to   space 1024K, 0% used [0x00000000d6980000,0x00000000d6980000,0x00000000d6a80000)
 ParOldGen       total 68608K, used 66078K [0x0000000080000000, 0x0000000084300000, 0x00000000d5580000)
  object space 68608K, 96% used [0x0000000080000000,0x0000000084087aa0,0x0000000084300000)
 Metaspace       used 21903K, committed 22912K, reserved 1114112K
  class space    used 1907K, committed 2304K, reserved 1048576K
}
Event: 38.182 GC heap before
{Heap before GC invocations=59 (full 1):
 PSYoungGen      total 19968K, used 19168K [0x00000000d5580000, 0x00000000d6a80000, 0x0000000100000000)
  eden space 18432K, 100% used [0x00000000d5580000,0x00000000d6780000,0x00000000d6780000)
  from space 1536K, 47% used [0x00000000d6800000,0x00000000d68b8000,0x00000000d6980000)
  to   space 1024K, 0% used [0x00000000d6980000,0x00000000d6980000,0x00000000d6a80000)
 ParOldGen       total 68608K, used 66078K [0x0000000080000000, 0x0000000084300000, 0x00000000d5580000)
  object space 68608K, 96% used [0x0000000080000000,0x0000000084087aa0,0x0000000084300000)
 Metaspace       used 21906K, committed 22912K, reserved 1114112K
  class space    used 1907K, committed 2304K, reserved 1048576K
}
Event: 38.183 GC heap after
{Heap after GC invocations=59 (full 1):
 PSYoungGen      total 19456K, used 514K [0x00000000d5580000, 0x00000000d6a80000, 0x0000000100000000)
  eden space 18432K, 0% used [0x00000000d5580000,0x00000000d5580000,0x00000000d6780000)
  from space 1024K, 50% used [0x00000000d6980000,0x00000000d6a008a8,0x00000000d6a80000)
  to   space 1024K, 0% used [0x00000000d6880000,0x00000000d6880000,0x00000000d6980000)
 ParOldGen       total 68608K, used 66742K [0x0000000080000000, 0x0000000084300000, 0x00000000d5580000)
  object space 68608K, 97% used [0x0000000080000000,0x000000008412dab0,0x0000000084300000)
 Metaspace       used 21906K, committed 22912K, reserved 1114112K
  class space    used 1907K, committed 2304K, reserved 1048576K
}
Event: 38.289 GC heap before
{Heap before GC invocations=60 (full 1):
 PSYoungGen      total 19456K, used 18946K [0x00000000d5580000, 0x00000000d6a80000, 0x0000000100000000)
  eden space 18432K, 99% used [0x00000000d5580000,0x00000000d677fff0,0x00000000d6780000)
  from space 1024K, 50% used [0x00000000d6980000,0x00000000d6a008a8,0x00000000d6a80000)
  to   space 1024K, 0% used [0x00000000d6880000,0x00000000d6880000,0x00000000d6980000)
 ParOldGen       total 68608K, used 66742K [0x0000000080000000, 0x0000000084300000, 0x00000000d5580000)
  object space 68608K, 97% used [0x0000000080000000,0x000000008412dab0,0x0000000084300000)
 Metaspace       used 21966K, committed 22976K, reserved 1114112K
  class space    used 1916K, committed 2304K, reserved 1048576K
}
Event: 38.291 GC heap after
{Heap after GC invocations=60 (full 1):
 PSYoungGen      total 19456K, used 843K [0x00000000d5580000, 0x00000000d6a00000, 0x0000000100000000)
  eden space 18432K, 0% used [0x00000000d5580000,0x00000000d5580000,0x00000000d6780000)
  from space 1024K, 82% used [0x00000000d6880000,0x00000000d6952e38,0x00000000d6980000)
  to   space 512K, 0% used [0x00000000d6980000,0x00000000d6980000,0x00000000d6a00000)
 ParOldGen       total 68608K, used 67960K [0x0000000080000000, 0x0000000084300000, 0x00000000d5580000)
  object space 68608K, 99% used [0x0000000080000000,0x000000008425e358,0x0000000084300000)
 Metaspace       used 21966K, committed 22976K, reserved 1114112K
  class space    used 1916K, committed 2304K, reserved 1048576K
}
Event: 38.354 GC heap before
{Heap before GC invocations=61 (full 1):
 PSYoungGen      total 19456K, used 19275K [0x00000000d5580000, 0x00000000d6a00000, 0x0000000100000000)
  eden space 18432K, 100% used [0x00000000d5580000,0x00000000d6780000,0x00000000d6780000)
  from space 1024K, 82% used [0x00000000d6880000,0x00000000d6952e38,0x00000000d6980000)
  to   space 512K, 0% used [0x00000000d6980000,0x00000000d6980000,0x00000000d6a00000)
 ParOldGen       total 68608K, used 67960K [0x0000000080000000, 0x0000000084300000, 0x00000000d5580000)
  object space 68608K, 99% used [0x0000000080000000,0x000000008425e358,0x0000000084300000)
 Metaspace       used 21988K, committed 23040K, reserved 1114112K
  class space    used 1919K, committed 2368K, reserved 1048576K
}
Event: 38.356 GC heap after
{Heap after GC invocations=61 (full 1):
 PSYoungGen      total 18944K, used 504K [0x00000000d5580000, 0x00000000d6b80000, 0x0000000100000000)
  eden space 18432K, 0% used [0x00000000d5580000,0x00000000d5580000,0x00000000d6780000)
  from space 512K, 98% used [0x00000000d6980000,0x00000000d69fe308,0x00000000d6a00000)
  to   space 2048K, 0% used [0x00000000d6780000,0x00000000d6780000,0x00000000d6980000)
 ParOldGen       total 69120K, used 69012K [0x0000000080000000, 0x0000000084380000, 0x00000000d5580000)
  object space 69120K, 99% used [0x0000000080000000,0x00000000843651e0,0x0000000084380000)
 Metaspace       used 21988K, committed 23040K, reserved 1114112K
  class space    used 1919K, committed 2368K, reserved 1048576K
}
Event: 38.481 GC heap before
{Heap before GC invocations=62 (full 1):
 PSYoungGen      total 18944K, used 18936K [0x00000000d5580000, 0x00000000d6b80000, 0x0000000100000000)
  eden space 18432K, 100% used [0x00000000d5580000,0x00000000d6780000,0x00000000d6780000)
  from space 512K, 98% used [0x00000000d6980000,0x00000000d69fe308,0x00000000d6a00000)
  to   space 2048K, 0% used [0x00000000d6780000,0x00000000d6780000,0x00000000d6980000)
 ParOldGen       total 69120K, used 69012K [0x0000000080000000, 0x0000000084380000, 0x00000000d5580000)
  object space 69120K, 99% used [0x0000000080000000,0x00000000843651e0,0x0000000084380000)
 Metaspace       used 22129K, committed 23168K, reserved 1114112K
  class space    used 1947K, committed 2368K, reserved 1048576K
}
Event: 38.483 GC heap after
{Heap after GC invocations=62 (full 1):
 PSYoungGen      total 19968K, used 1120K [0x00000000d5580000, 0x00000000d6a80000, 0x0000000100000000)
  eden space 18432K, 0% used [0x00000000d5580000,0x00000000d5580000,0x00000000d6780000)
  from space 1536K, 72% used [0x00000000d6780000,0x00000000d6898270,0x00000000d6900000)
  to   space 1536K, 0% used [0x00000000d6900000,0x00000000d6900000,0x00000000d6a80000)
 ParOldGen       total 69632K, used 69518K [0x0000000080000000, 0x0000000084400000, 0x00000000d5580000)
  object space 69632K, 99% used [0x0000000080000000,0x00000000843e3ba0,0x0000000084400000)
 Metaspace       used 22129K, committed 23168K, reserved 1114112K
  class space    used 1947K, committed 2368K, reserved 1048576K
}
Event: 38.758 GC heap before
{Heap before GC invocations=63 (full 1):
 PSYoungGen      total 19968K, used 19552K [0x00000000d5580000, 0x00000000d6a80000, 0x0000000100000000)
  eden space 18432K, 100% used [0x00000000d5580000,0x00000000d6780000,0x00000000d6780000)
  from space 1536K, 72% used [0x00000000d6780000,0x00000000d6898270,0x00000000d6900000)
  to   space 1536K, 0% used [0x00000000d6900000,0x00000000d6900000,0x00000000d6a80000)
 ParOldGen       total 69632K, used 69556K [0x0000000080000000, 0x0000000084400000, 0x00000000d5580000)
  object space 69632K, 99% used [0x0000000080000000,0x00000000843ed160,0x0000000084400000)
 Metaspace       used 22490K, committed 23488K, reserved 1114112K
  class space    used 1970K, committed 2368K, reserved 1048576K
}
Event: 38.760 GC heap after
{Heap after GC invocations=63 (full 1):
 PSYoungGen      total 19968K, used 932K [0x00000000d5580000, 0x00000000d6a80000, 0x0000000100000000)
  eden space 18432K, 0% used [0x00000000d5580000,0x00000000d5580000,0x00000000d6780000)
  from space 1536K, 60% used [0x00000000d6900000,0x00000000d69e9218,0x00000000d6a80000)
  to   space 1536K, 0% used [0x00000000d6780000,0x00000000d6780000,0x00000000d6900000)
 ParOldGen       total 70656K, used 70186K [0x0000000080000000, 0x0000000084500000, 0x00000000d5580000)
  object space 70656K, 99% used [0x0000000080000000,0x000000008448aa80,0x0000000084500000)
 Metaspace       used 22490K, committed 23488K, reserved 1114112K
  class space    used 1970K, committed 2368K, reserved 1048576K
}
Event: 39.643 GC heap before
{Heap before GC invocations=64 (full 1):
 PSYoungGen      total 19968K, used 19364K [0x00000000d5580000, 0x00000000d6a80000, 0x0000000100000000)
  eden space 18432K, 100% used [0x00000000d5580000,0x00000000d6780000,0x00000000d6780000)
  from space 1536K, 60% used [0x00000000d6900000,0x00000000d69e9218,0x00000000d6a80000)
  to   space 1536K, 0% used [0x00000000d6780000,0x00000000d6780000,0x00000000d6900000)
 ParOldGen       total 70656K, used 70189K [0x0000000080000000, 0x0000000084500000, 0x00000000d5580000)
  object space 70656K, 99% used [0x0000000080000000,0x000000008448b728,0x0000000084500000)
 Metaspace       used 22696K, committed 23744K, reserved 1114112K
  class space    used 1976K, committed 2432K, reserved 1048576K
}
Event: 39.644 GC heap after
{Heap after GC invocations=64 (full 1):
 PSYoungGen      total 18944K, used 416K [0x00000000d5580000, 0x00000000d6980000, 0x0000000100000000)
  eden space 18432K, 0% used [0x00000000d5580000,0x00000000d5580000,0x00000000d6780000)
  from space 512K, 81% used [0x00000000d6780000,0x00000000d67e8000,0x00000000d6800000)
  to   space 1024K, 0% used [0x00000000d6880000,0x00000000d6880000,0x00000000d6980000)
 ParOldGen       total 71168K, used 70795K [0x0000000080000000, 0x0000000084580000, 0x00000000d5580000)
  object space 71168K, 99% used [0x0000000080000000,0x0000000084522e88,0x0000000084580000)
 Metaspace       used 22696K, committed 23744K, reserved 1114112K
  class space    used 1976K, committed 2432K, reserved 1048576K
}
Event: 40.286 GC heap before
{Heap before GC invocations=65 (full 1):
 PSYoungGen      total 18944K, used 18848K [0x00000000d5580000, 0x00000000d6980000, 0x0000000100000000)
  eden space 18432K, 100% used [0x00000000d5580000,0x00000000d6780000,0x00000000d6780000)
  from space 512K, 81% used [0x00000000d6780000,0x00000000d67e8000,0x00000000d6800000)
  to   space 1024K, 0% used [0x00000000d6880000,0x00000000d6880000,0x00000000d6980000)
 ParOldGen       total 71168K, used 70795K [0x0000000080000000, 0x0000000084580000, 0x00000000d5580000)
  object space 71168K, 99% used [0x0000000080000000,0x0000000084522e88,0x0000000084580000)
 Metaspace       used 22793K, committed 23872K, reserved 1114112K
  class space    used 1983K, committed 2432K, reserved 1048576K
}
Event: 40.288 GC heap after
{Heap after GC invocations=65 (full 1):
 PSYoungGen      total 15872K, used 1006K [0x00000000d5580000, 0x00000000d7080000, 0x0000000100000000)
  eden space 14848K, 0% used [0x00000000d5580000,0x00000000d5580000,0x00000000d6400000)
  from space 1024K, 98% used [0x00000000d6880000,0x00000000d697bb90,0x00000000d6980000)
  to   space 4608K, 0% used [0x00000000d6400000,0x00000000d6400000,0x00000000d6880000)
 ParOldGen       total 73728K, used 73595K [0x0000000080000000, 0x0000000084800000, 0x00000000d5580000)
  object space 73728K, 99% used [0x0000000080000000,0x00000000847dee88,0x0000000084800000)
 Metaspace       used 22793K, committed 23872K, reserved 1114112K
  class space    used 1983K, committed 2432K, reserved 1048576K
}
Event: 40.894 GC heap before
{Heap before GC invocations=66 (full 1):
 PSYoungGen      total 15872K, used 15854K [0x00000000d5580000, 0x00000000d7080000, 0x0000000100000000)
  eden space 14848K, 100% used [0x00000000d5580000,0x00000000d6400000,0x00000000d6400000)
  from space 1024K, 98% used [0x00000000d6880000,0x00000000d697bb90,0x00000000d6980000)
  to   space 4608K, 0% used [0x00000000d6400000,0x00000000d6400000,0x00000000d6880000)
 ParOldGen       total 73728K, used 73595K [0x0000000080000000, 0x0000000084800000, 0x00000000d5580000)
  object space 73728K, 99% used [0x0000000080000000,0x00000000847dee88,0x0000000084800000)
 Metaspace       used 22901K, committed 24000K, reserved 1114112K
  class space    used 1984K, committed 2432K, reserved 1048576K
}
Event: 40.896 GC heap after
{Heap after GC invocations=66 (full 1):
 PSYoungGen      total 16896K, used 1881K [0x00000000d5580000, 0x00000000d6a00000, 0x0000000100000000)
  eden space 14848K, 0% used [0x00000000d5580000,0x00000000d5580000,0x00000000d6400000)
  from space 2048K, 91% used [0x00000000d6400000,0x00000000d65d6620,0x00000000d6600000)
  to   space 3072K, 0% used [0x00000000d6700000,0x00000000d6700000,0x00000000d6a00000)
 ParOldGen       total 73728K, used 73691K [0x0000000080000000, 0x0000000084800000, 0x00000000d5580000)
  object space 73728K, 99% used [0x0000000080000000,0x00000000847f6e88,0x0000000084800000)
 Metaspace       used 22901K, committed 24000K, reserved 1114112K
  class space    used 1984K, committed 2432K, reserved 1048576K
}
Event: 42.378 GC heap before
{Heap before GC invocations=67 (full 1):
 PSYoungGen      total 16896K, used 16729K [0x00000000d5580000, 0x00000000d6a00000, 0x0000000100000000)
  eden space 14848K, 100% used [0x00000000d5580000,0x00000000d6400000,0x00000000d6400000)
  from space 2048K, 91% used [0x00000000d6400000,0x00000000d65d6620,0x00000000d6600000)
  to   space 3072K, 0% used [0x00000000d6700000,0x00000000d6700000,0x00000000d6a00000)
 ParOldGen       total 73728K, used 73691K [0x0000000080000000, 0x0000000084800000, 0x00000000d5580000)
  object space 73728K, 99% used [0x0000000080000000,0x00000000847f6e88,0x0000000084800000)
 Metaspace       used 23163K, committed 24192K, reserved 1114112K
  class space    used 2001K, committed 2432K, reserved 1048576K
}
Event: 42.379 GC heap after
{Heap after GC invocations=67 (full 1):
 PSYoungGen      total 15872K, used 532K [0x00000000d5580000, 0x00000000d6800000, 0x0000000100000000)
  eden space 14848K, 0% used [0x00000000d5580000,0x00000000d5580000,0x00000000d6400000)
  from space 1024K, 52% used [0x00000000d6700000,0x00000000d6785200,0x00000000d6800000)
  to   space 1536K, 0% used [0x00000000d6500000,0x00000000d6500000,0x00000000d6680000)
 ParOldGen       total 75264K, used 74947K [0x0000000080000000, 0x0000000084980000, 0x00000000d5580000)
  object space 75264K, 99% used [0x0000000080000000,0x0000000084930c78,0x0000000084980000)
 Metaspace       used 23163K, committed 24192K, reserved 1114112K
  class space    used 2001K, committed 2432K, reserved 1048576K
}

